<?xml version="1.0" encoding="UTF-8"?>
<!-- Generated by org.testng.reporters.JUnitReportReporter -->
<testsuite hostname="DESKTOP-8U3ADUP" failures="0" tests="1" name="data_driven_testing.ReadingTheFromXmlTest" time="14.550" errors="0" timestamp="2024-07-18T17:46:06 IST" skipped="0">
  <testcase classname="data_driven_testing.ReadingTheFromXmlTest" name="sampleTest" time="14.550"/>
</testsuite> <!-- data_driven_testing.ReadingTheFromXmlTest -->
