<?xml version="1.0" encoding="UTF-8"?>
<!-- Generated by org.testng.reporters.JUnitReportReporter -->
<testsuite hostname="DESKTOP-8U3ADUP" failures="0" tests="2" name="logintest.Login_Test" time="0.005" errors="0" timestamp="2024-07-26T10:57:36 IST" skipped="0">
  <testcase classname="logintest.Login_Test" name="modifiy_Test" time="0.002"/>
  <system-out/>
  <testcase classname="logintest.Login_Test" name="logintest" time="0.003"/>
  <system-out/>
</testsuite> <!-- logintest.Login_Test -->
