<?xml version="1.0" encoding="UTF-8"?>
<!-- Generated by org.testng.reporters.JUnitReportReporter -->
<testsuite hostname="DESKTOP-8U3ADUP" failures="0" tests="2" name="logintest.Repo_test" time="0.017" errors="0" timestamp="2024-07-26T10:57:45 IST" skipped="0">
  <testcase classname="logintest.Repo_test" name="repotest" time="0.003"/>
  <system-out/>
  <testcase classname="logintest.Repo_test" name="Modifyrepotest" time="0.014"/>
  <system-out/>
</testsuite> <!-- logintest.Repo_test -->
